<?xml version="1.0" encoding="UTF-8"?>
<!-- Generated by org.testng.reporters.JUnitReportReporter -->
<testsuite hostname="MWDH-Work2" failures="0" tests="1" name="ass3W9D2.ChromeWebDriverAss3W9D2" time="0.110" errors="0" timestamp="2022-08-02T00:29:59 AST" skipped="0">
  <testcase classname="ass3W9D2.ChromeWebDriverAss3W9D2" name="LearnEnglishWebSite" time="0.110"/>
  <system-out/>
</testsuite> <!-- ass3W9D2.ChromeWebDriverAss3W9D2 -->
